<?xml version="1.0" encoding="UTF-8"?>
<testsuite name="Inicio de sesion" tests="1" skipped="0" failures="1" errors="0" timestamp="2023-03-30T21:44:07" hostname="LAPTOP-7C2GORMF" time="36.558">
  <properties/>
  <testcase name="Compra exitosa" classname="Inicio de sesion" time="36.558">
    <failure message="org.opentest4j.AssertionFailedError" type="org.opentest4j.AssertionFailedError">org.opentest4j.AssertionFailedError
	at app//org.junit.jupiter.api.AssertionUtils.fail(AssertionUtils.java:35)
	at app//org.junit.jupiter.api.Assertions.fail(Assertions.java:98)
	at app//com.sofkau.stepdefinitions.InicioSesionStepDefinitions.escoge_el_producto_de_mayor_valor(InicioSesionStepDefinitions.java:67)
	at âœ½.escoge el producto de mayor valor(file:///C:/Users/rolin/Sofka%20U/RetoSerenityWeb/QA-Reto-Serenity-Web/src/test/resources/features/iniciosesion.feature:16)
</failure>
  </testcase>
  <system-out><![CDATA[2023-03-30 16:44:19 INFO  InicioSesionStepDefinitions:31 INICIA LA AUTOMATIZACION
2023-03-30 16:44:29 INFO  InicioSesionStepDefinitions:46 Realiza la peticion
2023-03-30 16:44:42 INFO  InicioSesionStepDefinitions:65  fallo al momento de realizar la peticion
2023-03-30 16:44:42 WARN  InicioSesionStepDefinitions:66 element not interactable
  (Session info: chrome=111.0.5563.147)
Build info: version: '3.141.59', revision: 'e82be7d358', time: '2018-11-14T08:17:03'
System info: host: 'LAPTOP-7C2GORMF', ip: '192.168.1.4', os.name: 'Windows 10', os.arch: 'amd64', os.version: '10.0', java.version: '11.0.13'
Driver info: org.openqa.selenium.chrome.ChromeDriver
Capabilities {acceptInsecureCerts: false, browserName: chrome, browserVersion: 111.0.5563.147, chrome: {chromedriverVersion: 111.0.5563.64 (c710e93d5b63..., userDataDir: C:\Users\rolin\AppData\Loca...}, goog:chromeOptions: {debuggerAddress: localhost:5644}, javascriptEnabled: true, networkConnectionEnabled: false, pageLoadStrategy: normal, platform: WINDOWS, platformName: WINDOWS, proxy: Proxy(), setWindowRect: true, strictFileInteractability: false, timeouts: {implicit: 0, pageLoad: 300000, script: 30000}, unhandledPromptBehavior: ignore, webauthn:extension:credBlob: true, webauthn:extension:largeBlob: true, webauthn:extension:minPinLength: true, webauthn:extension:prf: true, webauthn:virtualAuthenticators: true}
Session ID: 5cf153a5c50ca3980d36a73e8ad6885b
]]></system-out>
  <system-err><![CDATA[Starting ChromeDriver 111.0.5563.64 (c710e93d5b63b7095afe8c2c17df34408078439d-refs/branch-heads/5563@{#995}) on port 45604
Only local connections are allowed.
Please see https://chromedriver.chromium.org/security-considerations for suggestions on keeping ChromeDriver safe.
ChromeDriver was started successfully.
mar. 30, 2023 4:44:10 P. M. org.openqa.selenium.remote.ProtocolHandshake createSession
INFO: Detected dialect: W3C
mar. 30, 2023 4:44:10 P. M. org.openqa.selenium.remote.DesiredCapabilities chrome
INFO: Using `new ChromeOptions()` is preferred to `DesiredCapabilities.chrome()`
Starting ChromeDriver 111.0.5563.64 (c710e93d5b63b7095afe8c2c17df34408078439d-refs/branch-heads/5563@{#995}) on port 24586
Only local connections are allowed.
Please see https://chromedriver.chromium.org/security-considerations for suggestions on keeping ChromeDriver safe.
ChromeDriver was started successfully.
mar. 30, 2023 4:44:13 P. M. org.openqa.selenium.remote.ProtocolHandshake createSession
INFO: Detected dialect: W3C
]]></system-err>
</testsuite>
